This is pdfTeX, Version 3.1415926-2.5-1.40.14 (TeX Live 2013/Debian) (format=pdflatex 2015.11.3)  2 MAY 2016 17:27
entering extended mode
 restricted \write18 enabled.
 %&-line parsing enabled.
**NUEN625_FINAL.tex
(./NUEN625_FINAL.tex
LaTeX2e <2011/06/27>
Babel <3.9h> and hyphenation patterns for 2 languages loaded.
(/usr/share/texlive/texmf-dist/tex/latex/base/article.cls
Document Class: article 2007/10/19 v1.4h Standard LaTeX document class
(/usr/share/texlive/texmf-dist/tex/latex/base/size11.clo
File: size11.clo 2007/10/19 v1.4h Standard LaTeX file (size option)
)
\c@part=\count79
\c@section=\count80
\c@subsection=\count81
\c@subsubsection=\count82
\c@paragraph=\count83
\c@subparagraph=\count84
\c@figure=\count85
\c@table=\count86
\abovecaptionskip=\skip41
\belowcaptionskip=\skip42
\bibindent=\dimen102
)
(/usr/share/texlive/texmf-dist/tex/latex/amsmath/amsmath.sty
Package: amsmath 2013/01/14 v2.14 AMS math features
\@mathmargin=\skip43

For additional information on amsmath, use the `?' option.
(/usr/share/texlive/texmf-dist/tex/latex/amsmath/amstext.sty
Package: amstext 2000/06/29 v2.01

(/usr/share/texlive/texmf-dist/tex/latex/amsmath/amsgen.sty
File: amsgen.sty 1999/11/30 v2.0
\@emptytoks=\toks14
\ex@=\dimen103
))
(/usr/share/texlive/texmf-dist/tex/latex/amsmath/amsbsy.sty
Package: amsbsy 1999/11/29 v1.2d
\pmbraise@=\dimen104
)
(/usr/share/texlive/texmf-dist/tex/latex/amsmath/amsopn.sty
Package: amsopn 1999/12/14 v2.01 operator names
)
\inf@bad=\count87
LaTeX Info: Redefining \frac on input line 210.
\uproot@=\count88
\leftroot@=\count89
LaTeX Info: Redefining \overline on input line 306.
\classnum@=\count90
\DOTSCASE@=\count91
LaTeX Info: Redefining \ldots on input line 378.
LaTeX Info: Redefining \dots on input line 381.
LaTeX Info: Redefining \cdots on input line 466.
\Mathstrutbox@=\box26
\strutbox@=\box27
\big@size=\dimen105
LaTeX Font Info:    Redeclaring font encoding OML on input line 566.
LaTeX Font Info:    Redeclaring font encoding OMS on input line 567.
\macc@depth=\count92
\c@MaxMatrixCols=\count93
\dotsspace@=\muskip10
\c@parentequation=\count94
\dspbrk@lvl=\count95
\tag@help=\toks15
\row@=\count96
\column@=\count97
\maxfields@=\count98
\andhelp@=\toks16
\eqnshift@=\dimen106
\alignsep@=\dimen107
\tagshift@=\dimen108
\tagwidth@=\dimen109
\totwidth@=\dimen110
\lineht@=\dimen111
\@envbody=\toks17
\multlinegap=\skip44
\multlinetaggap=\skip45
\mathdisplay@stack=\toks18
LaTeX Info: Redefining \[ on input line 2665.
LaTeX Info: Redefining \] on input line 2666.
)
(/usr/share/texlive/texmf-dist/tex/latex/amsfonts/amssymb.sty
Package: amssymb 2013/01/14 v3.01 AMS font symbols

(/usr/share/texlive/texmf-dist/tex/latex/amsfonts/amsfonts.sty
Package: amsfonts 2013/01/14 v3.01 Basic AMSFonts support
\symAMSa=\mathgroup4
\symAMSb=\mathgroup5
LaTeX Font Info:    Overwriting math alphabet `\mathfrak' in version `bold'
(Font)                  U/euf/m/n --> U/euf/b/n on input line 106.
))
(/usr/share/texlive/texmf-dist/tex/latex/graphics/graphicx.sty
Package: graphicx 1999/02/16 v1.0f Enhanced LaTeX Graphics (DPC,SPQR)

(/usr/share/texlive/texmf-dist/tex/latex/graphics/keyval.sty
Package: keyval 1999/03/16 v1.13 key=value parser (DPC)
\KV@toks@=\toks19
)
(/usr/share/texlive/texmf-dist/tex/latex/graphics/graphics.sty
Package: graphics 2009/02/05 v1.0o Standard LaTeX Graphics (DPC,SPQR)

(/usr/share/texlive/texmf-dist/tex/latex/graphics/trig.sty
Package: trig 1999/03/16 v1.09 sin cos tan (DPC)
)
(/usr/share/texlive/texmf-dist/tex/latex/latexconfig/graphics.cfg
File: graphics.cfg 2010/04/23 v1.9 graphics configuration of TeX Live
)
Package graphics Info: Driver file: pdftex.def on input line 91.

(/usr/share/texlive/texmf-dist/tex/latex/pdftex-def/pdftex.def
File: pdftex.def 2011/05/27 v0.06d Graphics/color for pdfTeX

(/usr/share/texlive/texmf-dist/tex/generic/oberdiek/infwarerr.sty
Package: infwarerr 2010/04/08 v1.3 Providing info/warning/error messages (HO)
)
(/usr/share/texlive/texmf-dist/tex/generic/oberdiek/ltxcmds.sty
Package: ltxcmds 2011/11/09 v1.22 LaTeX kernel commands for general use (HO)
)
\Gread@gobject=\count99
))
\Gin@req@height=\dimen112
\Gin@req@width=\dimen113
)
(/usr/share/texlive/texmf-dist/tex/latex/oberdiek/grffile.sty
Package: grffile 2012/04/05 v1.16 Extended file name support for graphics (HO)

(/usr/share/texlive/texmf-dist/tex/generic/oberdiek/ifpdf.sty
Package: ifpdf 2011/01/30 v2.3 Provides the ifpdf switch (HO)
Package ifpdf Info: pdfTeX in PDF mode is detected.
)
(/usr/share/texlive/texmf-dist/tex/generic/ifxetex/ifxetex.sty
Package: ifxetex 2010/09/12 v0.6 Provides ifxetex conditional
)
(/usr/share/texlive/texmf-dist/tex/latex/oberdiek/kvoptions.sty
Package: kvoptions 2011/06/30 v3.11 Key value format for package options (HO)

(/usr/share/texlive/texmf-dist/tex/generic/oberdiek/kvsetkeys.sty
Package: kvsetkeys 2012/04/25 v1.16 Key value parser (HO)

(/usr/share/texlive/texmf-dist/tex/generic/oberdiek/etexcmds.sty
Package: etexcmds 2011/02/16 v1.5 Avoid name clashes with e-TeX commands (HO)

(/usr/share/texlive/texmf-dist/tex/generic/oberdiek/ifluatex.sty
Package: ifluatex 2010/03/01 v1.3 Provides the ifluatex switch (HO)
Package ifluatex Info: LuaTeX not detected.
)
Package etexcmds Info: Could not find \expanded.
(etexcmds)             That can mean that you are not using pdfTeX 1.50 or
(etexcmds)             that some package has redefined \expanded.
(etexcmds)             In the latter case, load this package earlier.
)))
(/usr/share/texlive/texmf-dist/tex/generic/oberdiek/pdftexcmds.sty
Package: pdftexcmds 2011/11/29 v0.20 Utility functions of pdfTeX for LuaTeX (HO
)
Package pdftexcmds Info: LuaTeX not detected.
Package pdftexcmds Info: \pdf@primitive is available.
Package pdftexcmds Info: \pdf@ifprimitive is available.
Package pdftexcmds Info: \pdfdraftmode found.
)
Package grffile Info: Option `multidot' is set to `true'.
Package grffile Info: Option `extendedchars' is set to `false'.
Package grffile Info: Option `space' is set to `true'.
Package grffile Info: \Gin@ii of package `graphicx' fixed on input line 486.
)

! LaTeX Error: File `ucs.sty' not found.

Type X to quit or <RETURN> to proceed,
or enter new name. (Default extension: sty)

Enter file name: 
(/usr/share/texlive/texmf-dist/tex/latex/base/inputenc.sty
Package: inputenc 2008/03/30 v1.1d Input encoding file
\inpenc@prehook=\toks20
\inpenc@posthook=\toks21


! LaTeX Error: File `utf8x.def' not found.

Type X to quit or <RETURN> to proceed,
or enter new name. (Default extension: def)

Enter file name: 

Package inputenc Warning: No characters defined
(inputenc)                by input encoding change to `utf8x'
(inputenc)                 on input line 131.

) (/usr/share/texlive/texmf-dist/tex/latex/float/float.sty
Package: float 2001/11/08 v1.3d Float enhancements (AL)
\c@float@type=\count100
\float@exts=\toks22
\float@box=\box28
\@float@everytoks=\toks23
\@floatcapt=\box29
)

! LaTeX Error: File `adjustbox.sty' not found.

Type X to quit or <RETURN> to proceed,
or enter new name. (Default extension: sty)

Enter file name: 

! LaTeX Error: Unknown option `export' for package `adjustbox'.

See the LaTeX manual or LaTeX Companion for explanation.
Type  H <return>  for immediate help.
 ...                                              
                                                  
l.20 
     
? 
(/usr/share/texlive/texmf-dist/tex/latex/fancyvrb/fancyvrb.sty
Package: fancyvrb 2008/02/07

Style option: `fancyvrb' v2.7a, with DG/SPQR fixes, and firstline=lastline fix 
<2008/02/07> (tvz)
\FV@CodeLineNo=\count101
\FV@InFile=\read1
\FV@TabBox=\box30
\c@FancyVerbLine=\count102
\FV@StepNumber=\count103
\FV@OutFile=\write3
)
(/usr/share/texlive/texmf-dist/tex/latex/tools/enumerate.sty
Package: enumerate 1999/03/05 v3.00 enumerate extensions (DPC)
\@enLab=\toks24
)
(/usr/share/texlive/texmf-dist/tex/latex/geometry/geometry.sty
Package: geometry 2010/09/12 v5.6 Page Geometry

(/usr/share/texlive/texmf-dist/tex/generic/oberdiek/ifvtex.sty
Package: ifvtex 2010/03/01 v1.5 Detect VTeX and its facilities (HO)
Package ifvtex Info: VTeX not detected.
)
\Gm@cnth=\count104
\Gm@cntv=\count105
\c@Gm@tempcnt=\count106
\Gm@bindingoffset=\dimen114
\Gm@wd@mp=\dimen115
\Gm@odd@mp=\dimen116
\Gm@even@mp=\dimen117
\Gm@layoutwidth=\dimen118
\Gm@layoutheight=\dimen119
\Gm@layouthoffset=\dimen120
\Gm@layoutvoffset=\dimen121
\Gm@dimlist=\toks25
)
(/usr/share/texlive/texmf-dist/tex/latex/graphics/color.sty
Package: color 2005/11/14 v1.0j Standard LaTeX Color (DPC)

(/usr/share/texlive/texmf-dist/tex/latex/latexconfig/color.cfg
File: color.cfg 2007/01/18 v1.5 color configuration of teTeX/TeXLive
)
Package color Info: Driver file: pdftex.def on input line 130.
)

! LaTeX Error: File `framed.sty' not found.

Type X to quit or <RETURN> to proceed,
or enter new name. (Default extension: sty)

Enter file name: 
(/usr/share/texlive/texmf-dist/tex/latex/oberdiek/listingsutf8.sty
Package: listingsutf8 2011/11/10 v1.2 Allow UTF-8 in listings input (HO)

(/usr/share/texlive/texmf-dist/tex/latex/listings/listings.sty
\lst@mode=\count107
\lst@gtempboxa=\box31
\lst@token=\toks26
\lst@length=\count108
\lst@currlwidth=\dimen122
\lst@column=\count109
\lst@pos=\count110
\lst@lostspace=\dimen123
\lst@width=\dimen124
\lst@newlines=\count111
\lst@lineno=\count112
\lst@maxwidth=\dimen125

(/usr/share/texlive/texmf-dist/tex/latex/listings/lstmisc.sty
File: lstmisc.sty 2013/08/26 1.5b (Carsten Heinz)
\c@lstnumber=\count113
\lst@skipnumbers=\count114
\lst@framebox=\box32
)
(/usr/share/texlive/texmf-dist/tex/latex/listings/listings.cfg
File: listings.cfg 2013/08/26 1.5b listings configuration
))
Package: listings 2013/08/26 1.5b (Carsten Heinz)

(/usr/share/texlive/texmf-dist/tex/generic/oberdiek/stringenc.sty
Package: stringenc 2011/12/02 v1.10 Convert strings between diff. encodings (HO
)

(/usr/share/texlive/texmf-dist/tex/generic/oberdiek/pdfescape.sty
Package: pdfescape 2011/11/25 v1.13 Implements pdfTeX's escape features (HO)
)))
(/usr/share/texlive/texmf-dist/tex/latex/listings/lstlang1.sty
File: lstlang1.sty 2013/08/26 1.5b listings language file
)
(/usr/share/texlive/texmf-dist/tex/latex/hyperref/hyperref.sty
Package: hyperref 2012/11/06 v6.83m Hypertext links for LaTeX

(/usr/share/texlive/texmf-dist/tex/generic/oberdiek/hobsub-hyperref.sty
Package: hobsub-hyperref 2012/05/28 v1.13 Bundle oberdiek, subset hyperref (HO)


(/usr/share/texlive/texmf-dist/tex/generic/oberdiek/hobsub-generic.sty
Package: hobsub-generic 2012/05/28 v1.13 Bundle oberdiek, subset generic (HO)
Package: hobsub 2012/05/28 v1.13 Construct package bundles (HO)
Package hobsub Info: Skipping package `infwarerr' (already loaded).
Package hobsub Info: Skipping package `ltxcmds' (already loaded).
Package hobsub Info: Skipping package `ifluatex' (already loaded).
Package hobsub Info: Skipping package `ifvtex' (already loaded).
Package: intcalc 2007/09/27 v1.1 Expandable calculations with integers (HO)
Package hobsub Info: Skipping package `ifpdf' (already loaded).
Package hobsub Info: Skipping package `etexcmds' (already loaded).
Package hobsub Info: Skipping package `kvsetkeys' (already loaded).
Package: kvdefinekeys 2011/04/07 v1.3 Define keys (HO)
Package hobsub Info: Skipping package `pdftexcmds' (already loaded).
Package hobsub Info: Skipping package `pdfescape' (already loaded).
Package: bigintcalc 2012/04/08 v1.3 Expandable calculations on big integers (HO
)
Package: bitset 2011/01/30 v1.1 Handle bit-vector datatype (HO)
Package: uniquecounter 2011/01/30 v1.2 Provide unlimited unique counter (HO)
)
Package hobsub Info: Skipping package `hobsub' (already loaded).
Package: letltxmacro 2010/09/02 v1.4 Let assignment for LaTeX macros (HO)
Package: hopatch 2012/05/28 v1.2 Wrapper for package hooks (HO)
Package: xcolor-patch 2011/01/30 xcolor patch
Package: atveryend 2011/06/30 v1.8 Hooks at the very end of document (HO)
Package atveryend Info: \enddocument detected (standard20110627).
Package: atbegshi 2011/10/05 v1.16 At begin shipout hook (HO)
Package: refcount 2011/10/16 v3.4 Data extraction from label references (HO)
Package: hycolor 2011/01/30 v1.7 Color options for hyperref/bookmark (HO)
)
(/usr/share/texlive/texmf-dist/tex/latex/oberdiek/auxhook.sty
Package: auxhook 2011/03/04 v1.3 Hooks for auxiliary files (HO)
)
\@linkdim=\dimen126
\Hy@linkcounter=\count115
\Hy@pagecounter=\count116

(/usr/share/texlive/texmf-dist/tex/latex/hyperref/pd1enc.def
File: pd1enc.def 2012/11/06 v6.83m Hyperref: PDFDocEncoding definition (HO)
)
\Hy@SavedSpaceFactor=\count117

(/usr/share/texlive/texmf-dist/tex/latex/latexconfig/hyperref.cfg
File: hyperref.cfg 2002/06/06 v1.2 hyperref configuration of TeXLive
)
Package hyperref Info: Hyper figures OFF on input line 4443.
Package hyperref Info: Link nesting OFF on input line 4448.
Package hyperref Info: Hyper index ON on input line 4451.
Package hyperref Info: Plain pages OFF on input line 4458.
Package hyperref Info: Backreferencing OFF on input line 4463.
Package hyperref Info: Implicit mode ON; LaTeX internals redefined.
Package hyperref Info: Bookmarks ON on input line 4688.
\c@Hy@tempcnt=\count118

(/usr/share/texlive/texmf-dist/tex/latex/url/url.sty
\Urlmuskip=\muskip11
Package: url 2013/09/16  ver 3.4  Verb mode for urls, etc.
)
LaTeX Info: Redefining \url on input line 5041.
\XeTeXLinkMargin=\dimen127
\Fld@menulength=\count119
\Field@Width=\dimen128
\Fld@charsize=\dimen129
Package hyperref Info: Hyper figures OFF on input line 6295.
Package hyperref Info: Link nesting OFF on input line 6300.
Package hyperref Info: Hyper index ON on input line 6303.
Package hyperref Info: backreferencing OFF on input line 6310.
Package hyperref Info: Link coloring OFF on input line 6315.
Package hyperref Info: Link coloring with OCG OFF on input line 6320.
Package hyperref Info: PDF/A mode OFF on input line 6325.
LaTeX Info: Redefining \ref on input line 6365.
LaTeX Info: Redefining \pageref on input line 6369.
\Hy@abspage=\count120
\c@Item=\count121
\c@Hfootnote=\count122
)

Package hyperref Message: Driver (autodetected): hpdftex.

(/usr/share/texlive/texmf-dist/tex/latex/hyperref/hpdftex.def
File: hpdftex.def 2012/11/06 v6.83m Hyperref driver for pdfTeX
\Fld@listcount=\count123
\c@bookmark@seq@number=\count124

(/usr/share/texlive/texmf-dist/tex/latex/oberdiek/rerunfilecheck.sty
Package: rerunfilecheck 2011/04/15 v1.7 Rerun checks for auxiliary files (HO)
Package uniquecounter Info: New unique counter `rerunfilecheck' on input line 2
82.
)
\Hy@SectionHShift=\skip46
)
Package hyperref Info: Option `breaklinks' set `true' on input line 127.
Package hyperref Info: Option `colorlinks' set `true' on input line 127.

(./NUEN625_FINAL.aux)
\openout1 = `NUEN625_FINAL.aux'.

LaTeX Font Info:    Checking defaults for OML/cmm/m/it on input line 144.
LaTeX Font Info:    ... okay on input line 144.
LaTeX Font Info:    Checking defaults for T1/cmr/m/n on input line 144.
LaTeX Font Info:    ... okay on input line 144.
LaTeX Font Info:    Checking defaults for OT1/cmr/m/n on input line 144.
LaTeX Font Info:    ... okay on input line 144.
LaTeX Font Info:    Checking defaults for OMS/cmsy/m/n on input line 144.
LaTeX Font Info:    ... okay on input line 144.
LaTeX Font Info:    Checking defaults for OMX/cmex/m/n on input line 144.
LaTeX Font Info:    ... okay on input line 144.
LaTeX Font Info:    Checking defaults for U/cmr/m/n on input line 144.
LaTeX Font Info:    ... okay on input line 144.
LaTeX Font Info:    Checking defaults for PD1/pdf/m/n on input line 144.
LaTeX Font Info:    ... okay on input line 144.

(/usr/share/texlive/texmf-dist/tex/context/base/supp-pdf.mkii
[Loading MPS to PDF converter (version 2006.09.02).]
\scratchcounter=\count125
\scratchdimen=\dimen130
\scratchbox=\box33
\nofMPsegments=\count126
\nofMParguments=\count127
\everyMPshowfont=\toks27
\MPscratchCnt=\count128
\MPscratchDim=\dimen131
\MPnumerator=\count129
\makeMPintoPDFobject=\count130
\everyMPtoPDFconversion=\toks28
) (/usr/share/texlive/texmf-dist/tex/latex/oberdiek/epstopdf-base.sty
Package: epstopdf-base 2010/02/09 v2.5 Base part for package epstopdf

(/usr/share/texlive/texmf-dist/tex/latex/oberdiek/grfext.sty
Package: grfext 2010/08/19 v1.1 Manage graphics extensions (HO)
)
Package grfext Info: Graphics extension search list:
(grfext)             [.png,.pdf,.jpg,.mps,.jpeg,.jbig2,.jb2,.PNG,.PDF,.JPG,.JPE
G,.JBIG2,.JB2,.eps]
(grfext)             \AppendGraphicsExtensions on input line 452.

(/usr/share/texlive/texmf-dist/tex/latex/latexconfig/epstopdf-sys.cfg
File: epstopdf-sys.cfg 2010/07/13 v1.3 Configuration of (r)epstopdf for TeX Liv
e
))
*geometry* driver: auto-detecting
*geometry* detected driver: pdftex
*geometry* verbose mode - [ preamble ] result:
* driver: pdftex
* paper: <default>
* layout: <same size as paper>
* layoutoffset:(h,v)=(0.0pt,0.0pt)
* modes: 
* h-part:(L,W,R)=(71.13188pt, 472.03123pt, 71.13188pt)
* v-part:(T,H,B)=(85.35826pt, 624.25346pt, 85.35826pt)
* \paperwidth=614.295pt
* \paperheight=794.96999pt
* \textwidth=472.03123pt
* \textheight=624.25346pt
* \oddsidemargin=-1.1381pt
* \evensidemargin=-1.1381pt
* \topmargin=-23.91173pt
* \headheight=12.0pt
* \headsep=25.0pt
* \topskip=11.0pt
* \footskip=30.0pt
* \marginparwidth=59.0pt
* \marginparsep=10.0pt
* \columnsep=10.0pt
* \skip\footins=10.0pt plus 4.0pt minus 2.0pt
* \hoffset=0.0pt
* \voffset=0.0pt
* \mag=1000
* \@twocolumnfalse
* \@twosidefalse
* \@mparswitchfalse
* \@reversemarginfalse
* (1in=72.27pt=25.4mm, 1cm=28.453pt)

\c@lstlisting=\count131
\AtBeginShipoutBox=\box34
Package hyperref Info: Link coloring ON on input line 144.
(/usr/share/texlive/texmf-dist/tex/latex/hyperref/nameref.sty
Package: nameref 2012/10/27 v2.43 Cross-referencing by name of section

(/usr/share/texlive/texmf-dist/tex/generic/oberdiek/gettitlestring.sty
Package: gettitlestring 2010/12/03 v1.4 Cleanup title references (HO)
)
\c@section@level=\count132
)
LaTeX Info: Redefining \ref on input line 144.
LaTeX Info: Redefining \pageref on input line 144.
LaTeX Info: Redefining \nameref on input line 144.

(./NUEN625_FINAL.out) (./NUEN625_FINAL.out)
\@outlinefile=\write4
\openout4 = `NUEN625_FINAL.out'.

LaTeX Font Info:    Try loading font information for U+msa on input line 147.

(/usr/share/texlive/texmf-dist/tex/latex/amsfonts/umsa.fd
File: umsa.fd 2013/01/14 v3.01 AMS symbols A
)
LaTeX Font Info:    Try loading font information for U+msb on input line 147.

(/usr/share/texlive/texmf-dist/tex/latex/amsfonts/umsb.fd
File: umsb.fd 2013/01/14 v3.01 AMS symbols B
) [1

{/var/lib/texmf/fonts/map/pdftex/updmap/pdftex.map}] (./NUEN625_FINAL.toc)
\tf@toc=\write5
\openout5 = `NUEN625_FINAL.toc'.

 [2] [3]

Package hyperref Warning: Token not allowed in a PDF string (PDFDocEncoding):
(hyperref)                removing `math shift' on input line 191.


Package hyperref Warning: Token not allowed in a PDF string (PDFDocEncoding):
(hyperref)                removing `math shift' on input line 191.


Overfull \hbox (20.04382pt too wide) detected at line 204
 []$[]  []\OML/cmm/m/it/10.95  [] \OT1/cmr/m/n/10.95 + (1 \OMS/cmsy/m/n/10.95 ^
^@ []\OT1/cmr/m/n/10.95 )\OML/cmm/m/it/10.95  [] \OT1/cmr/m/n/10.95 = [] [][] \
OML/cmm/m/it/10.95 dr [] [][][][] \OT1/cmr/m/n/10.95 + []\OML/cmm/m/it/10.95  [
][][][]  $ 
 []

[4]

Package hyperref Warning: Token not allowed in a PDF string (PDFDocEncoding):
(hyperref)                removing `math shift' on input line 223.


Package hyperref Warning: Token not allowed in a PDF string (PDFDocEncoding):
(hyperref)                removing `superscript' on input line 223.


Package hyperref Warning: Token not allowed in a PDF string (PDFDocEncoding):
(hyperref)                removing `math shift' on input line 223.


Overfull \hbox (9.54395pt too wide) detected at line 236
\OML/cmm/m/it/10.95 ^^M[] [] \OT1/cmr/m/n/10.95 + (1 \OMS/cmsy/m/n/10.95 ^^@ \O
ML/cmm/m/it/10.95 ^^M[]\OT1/cmr/m/n/10.95 )\OML/cmm/m/it/10.95  [] \OT1/cmr/m/n
/10.95 = [] [][] \OML/cmm/m/it/10.95 dr [] [][][][] \OT1/cmr/m/n/10.95 + []\OML
/cmm/m/it/10.95  [][][][]
 []

[5] [6] [7]
Overfull \hbox (15.00435pt too wide) detected at line 329
\OML/cmm/m/it/10.95 ^^V[]\OT1/cmr/m/n/10.95 (\OML/cmm/m/it/10.95 A[] [] \OMS/cm
sy/m/n/10.95 ^^@ \OML/cmm/m/it/10.95 A[] []\OT1/cmr/m/n/10.95 ) + [](\OML/cmm/m
/it/10.95 A[] \OMS/cmsy/m/n/10.95 ^^@ \OML/cmm/m/it/10.95 A[]\OT1/cmr/m/n/10.95
 )[] + \OML/cmm/m/it/10.95 ^^[[]V[] [] \OT1/cmr/m/n/10.95 = \OML/cmm/m/it/10.95
 Q[]V[]
 []

[8] [9]

Package hyperref Warning: Token not allowed in a PDF string (PDFDocEncoding):
(hyperref)                removing `math shift' on input line 377.


Package hyperref Warning: Token not allowed in a PDF string (PDFDocEncoding):
(hyperref)                removing `subscript' on input line 377.


Package hyperref Warning: Token not allowed in a PDF string (PDFDocEncoding):
(hyperref)                removing `math shift' on input line 377.

[10]
Overfull \hbox (35.04016pt too wide) detected at line 385
[][]  \OT1/cmr/m/n/10.95 +  [] [][](\OML/cmm/m/it/10.95 [] [] \OMS/cmsy/m/n/10
.95 ^^@ \OML/cmm/m/it/10.95 [] []\OT1/cmr/m/n/10.95 )[]  +  \OML/cmm/m/it/10.9
5 ^^[[]^^^  \OT1/cmr/m/n/10.95 =  [] \OML/cmm/m/it/10.95 w[]P[]\OT1/cmr/m/n/10.
95 (\OML/cmm/m/it/10.95 ^^V[]\OT1/cmr/m/n/10.95 )[] [] [](\OML/cmm/m/it/10.95 ^
^[[]^^^[] \OT1/cmr/m/n/10.95 + \OML/cmm/m/it/10.95 q[]\OT1/cmr/m/n/10.95 )\OML/
cmm/m/it/10.95 P[]\OT1/cmr/m/n/10.95 (\OML/cmm/m/it/10.95 ^^V[]\OT1/cmr/m/n/10.
95 )[]
 []


Overfull \hbox (5.72133pt too wide) detected at line 402
[] \OML/cmm/m/it/10.95 w[]^^V[][][][] \OT1/cmr/m/n/10.95 + [][] + \OML/cmm/m/it
/10.95 ^^[[]  \OT1/cmr/m/n/10.95 = [] [](\OML/cmm/m/it/10.95 ^^[[]^^^[] \OT1/cm
r/m/n/10.95 + \OML/cmm/m/it/10.95 q[]\OT1/cmr/m/n/10.95 )\OML/cmm/m/it/10.95 P[
]\OT1/cmr/m/n/10.95 (\OML/cmm/m/it/10.95 ^^V[]\OT1/cmr/m/n/10.95 )[]
 []


Overfull \hbox (52.89606pt too wide) detected at line 405
[][]  \OT1/cmr/m/n/10.95 +  [] [][](\OML/cmm/m/it/10.95 [] [] \OMS/cmsy/m/n/10
.95 ^^@ \OML/cmm/m/it/10.95 [] []\OT1/cmr/m/n/10.95 )[]  +  \OML/cmm/m/it/10.9
5 ^^[[]J  \OT1/cmr/m/n/10.95 =  [] \OML/cmm/m/it/10.95 w[]P[]\OT1/cmr/m/n/10.95
 (\OML/cmm/m/it/10.95 ^^V[]\OT1/cmr/m/n/10.95 )[] [] [](\OML/cmm/m/it/10.95 ^^[
[]^^^[] \OT1/cmr/m/n/10.95 + \OML/cmm/m/it/10.95 q[]\OT1/cmr/m/n/10.95 )\OML/cm
m/m/it/10.95 P[]\OT1/cmr/m/n/10.95 (\OML/cmm/m/it/10.95 ^^V[]\OT1/cmr/m/n/10.95
 )[]
 []

[11]

Package hyperref Warning: Token not allowed in a PDF string (PDFDocEncoding):
(hyperref)                removing `math shift' on input line 443.


Package hyperref Warning: Token not allowed in a PDF string (PDFDocEncoding):
(hyperref)                removing `subscript' on input line 443.


Package hyperref Warning: Token not allowed in a PDF string (PDFDocEncoding):
(hyperref)                removing `math shift' on input line 443.

[12]
Overfull \hbox (10.04062pt too wide) detected at line 470
[][] \OT1/cmr/m/n/10.95 + [][] + \OML/cmm/m/it/10.95 ^^[[]^^N [] \OMS/cmsy/m/n/
10.95 ^^@ []\OML/cmm/m/it/10.95 ^^[[]^^N^^^[] \OT1/cmr/m/n/10.95 = []\OML/cmm/m
/it/10.95 ^^[[]\OT1/cmr/m/n/10.95 (\OML/cmm/m/it/10.95 ^^N^^^[] \OMS/cmsy/m/n/1
0.95 ^^@ \OML/cmm/m/it/10.95 ^^N^^^[]\OT1/cmr/m/n/10.95 )
 []


Overfull \hbox (2.52016pt too wide) detected at line 473
[][] \OT1/cmr/m/n/10.95 + [][] + \OML/cmm/m/it/10.95 ^^[[]^^N [] \OMS/cmsy/m/n/
10.95 ^^@ []\OML/cmm/m/it/10.95 ^^[[]^^N^^^[] \OT1/cmr/m/n/10.95 = []\OML/cmm/m
/it/10.95 ^^[[]\OT1/cmr/m/n/10.95 (\OML/cmm/m/it/10.95 ^^^[] \OMS/cmsy/m/n/10.9
5 ^^@ \OML/cmm/m/it/10.95 ^^^[]\OT1/cmr/m/n/10.95 ) \OML/cmm/m/it/10.95 :
 []


Overfull \hbox (2.52016pt too wide) detected at line 476
[][] \OT1/cmr/m/n/10.95 + [][] + \OML/cmm/m/it/10.95 ^^[[]^^N [] \OMS/cmsy/m/n/
10.95 ^^@ []\OML/cmm/m/it/10.95 ^^[[]^^N^^^[] \OT1/cmr/m/n/10.95 = []\OML/cmm/m
/it/10.95 ^^[[]\OT1/cmr/m/n/10.95 (\OML/cmm/m/it/10.95 ^^^[] \OMS/cmsy/m/n/10.9
5 ^^@ \OML/cmm/m/it/10.95 ^^^[]\OT1/cmr/m/n/10.95 ) \OML/cmm/m/it/10.95 :
 []

[13] [14] [15]
Overfull \hbox (30.14635pt too wide) detected at line 594
[] \OML/cmm/m/it/10.95 w[][][][] \OT1/cmr/m/n/10.95 + [][] + \OML/cmm/m/it/10.9
5 ^^[[] [] \OT1/cmr/m/n/10.95 = [] [](\OML/cmm/m/it/10.95 ^^[[]^^^[] \OT1/cmr/m
/n/10.95 + \OML/cmm/m/it/10.95 q[]\OT1/cmr/m/n/10.95 )\OML/cmm/m/it/10.95 P[]\O
T1/cmr/m/n/10.95 (\OML/cmm/m/it/10.95 ^^V[]\OT1/cmr/m/n/10.95 )[]
 []


Overfull \hbox (58.37381pt too wide) detected at line 597
[][]  \OT1/cmr/m/n/10.95 +  [] [][](\OML/cmm/m/it/10.95 [] [] \OMS/cmsy/m/n/10
.95 ^^@ \OML/cmm/m/it/10.95 [] []\OT1/cmr/m/n/10.95 )[]  +  \OML/cmm/m/it/10.9
5 ^^[[]^^^  \OT1/cmr/m/n/10.95 =  [] \OML/cmm/m/it/10.95 w[]P[]\OT1/cmr/m/n/10.
95 (\OML/cmm/m/it/10.95 ^^V[]\OT1/cmr/m/n/10.95 )[] [] [](\OML/cmm/m/it/10.95 ^
^[[]^^^[] \OT1/cmr/m/n/10.95 + \OML/cmm/m/it/10.95 q[]\OT1/cmr/m/n/10.95 )\OML/
cmm/m/it/10.95 P[]\OT1/cmr/m/n/10.95 (\OML/cmm/m/it/10.95 ^^V[]\OT1/cmr/m/n/10.
95 )[]
 []

[16] [17] <prob1_table1.png, id=184, 330.23375pt x 195.73125pt>
File: prob1_table1.png Graphic file (type png)

<use prob1_table1.png>
Package pdftex.def Info: prob1_table1.png used on input line 631.
(pdftex.def)             Requested size: 165.2138pt x 97.92511pt.
 <prob1_table2.png, id=185, 323.2075pt x 189.70876pt>
File: prob1_table2.png Graphic file (type png)

<use prob1_table2.png>
Package pdftex.def Info: prob1_table2.png used on input line 636.
(pdftex.def)             Requested size: 165.2138pt x 96.97307pt.
 <prob1_table3.png, id=186, 319.1925pt x 187.70125pt>
File: prob1_table3.png Graphic file (type png)

<use prob1_table3.png>
Package pdftex.def Info: prob1_table3.png used on input line 641.
(pdftex.def)             Requested size: 165.2138pt x 97.15268pt.
 <prob1.png, id=187, 586.8324pt x 442.2924pt>
File: prob1.png Graphic file (type png)

<use prob1.png>
Package pdftex.def Info: prob1.png used on input line 648.
(pdftex.def)             Requested size: 283.22162pt x 213.46548pt.

! Undefined control sequence.
<argument> \abs 
                {L_{50}-L_{100}}
l.655 ...L_{50}-L_{100}}}{\abs{L_{100} - L_{200}}}
                                                  
? 
! Undefined control sequence.
<argument> \abs 
                {L_{100} - L_{200}}
l.655 ...L_{50}-L_{100}}}{\abs{L_{100} - L_{200}}}
                                                  
? 
[18 <./prob1_table1.png> <./prob1_table2.png> <./prob1_table3.png>] [19 <./prob
1.png>] <prob2_table.png, id=200, 320.19624pt x 187.70125pt>
File: prob2_table.png Graphic file (type png)

<use prob2_table.png>
Package pdftex.def Info: prob2_table.png used on input line 667.
(pdftex.def)             Requested size: 165.2138pt x 96.84909pt.
 <prob2.png, id=201, 586.8324pt x 442.2924pt>
File: prob2.png Graphic file (type png)

<use prob2.png>
Package pdftex.def Info: prob2.png used on input line 674.
(pdftex.def)             Requested size: 283.22162pt x 213.46548pt.
 [20 <./prob2_table.png> <./prob2.png>]
<prob3_table.png, id=208, 318.18875pt x 185.69376pt>
File: prob3_table.png Graphic file (type png)
 <use prob3_table.png>
Package pdftex.def Info: prob3_table.png used on input line 687.
(pdftex.def)             Requested size: 165.2138pt x 96.4168pt.

<prob3.png, id=209, 586.8324pt x 442.2924pt>
File: prob3.png Graphic file (type png)
 <use prob3.png>
Package pdftex.def Info: prob3.png used on input line 694.
(pdftex.def)             Requested size: 283.22162pt x 213.46548pt.
 [21 <./prob3_table.png> <./prob3.png>] <prob4_table.png, id=216, 321.2pt x 186
.6975pt>
File: prob4_table.png Graphic file (type png)

<use prob4_table.png>
Package pdftex.def Info: prob4_table.png used on input line 743.
(pdftex.def)             Requested size: 165.2138pt x 96.03206pt.
 <prob4.png, id=217, 586.8324pt x 442.2924pt>
File: prob4.png Graphic file (type png)

<use prob4.png>
Package pdftex.def Info: prob4.png used on input line 749.
(pdftex.def)             Requested size: 283.22162pt x 213.46548pt.
 [22]
Package atveryend Info: Empty hook `BeforeClearDocument' on input line 757.
 [23 <./prob4_table.png> <./prob4.png>]
Package atveryend Info: Empty hook `AfterLastShipout' on input line 757.

(./NUEN625_FINAL.aux)
Package atveryend Info: Executing hook `AtVeryEndDocument' on input line 757.
Package atveryend Info: Executing hook `AtEndAfterFileList' on input line 757.
Package rerunfilecheck Info: File `NUEN625_FINAL.out' has not changed.
(rerunfilecheck)             Checksum: E3A88A70660F056458C21E9B1164C0B7;1226.
Package atveryend Info: Empty hook `AtVeryVeryEnd' on input line 757.
 ) 
Here is how much of TeX's memory you used:
 8645 strings out of 495028
 125989 string characters out of 6181497
 226709 words of memory out of 5000000
 11684 multiletter control sequences out of 15000+600000
 14900 words of font info for 58 fonts, out of 8000000 for 9000
 14 hyphenation exceptions out of 8191
 36i,12n,40p,738b,325s stack positions out of 5000i,500n,10000p,200000b,80000s
</usr/share/texlive/texmf-dist/fonts/type1/public/amsfonts/cm/cmbx10.pfb></us
r/share/texlive/texmf-dist/fonts/type1/public/amsfonts/cm/cmbx12.pfb></usr/shar
e/texlive/texmf-dist/fonts/type1/public/amsfonts/cm/cmex10.pfb></usr/share/texl
ive/texmf-dist/fonts/type1/public/amsfonts/cm/cmmi10.pfb></usr/share/texlive/te
xmf-dist/fonts/type1/public/amsfonts/cm/cmmi12.pfb></usr/share/texlive/texmf-di
st/fonts/type1/public/amsfonts/cm/cmmi6.pfb></usr/share/texlive/texmf-dist/font
s/type1/public/amsfonts/cm/cmmi8.pfb></usr/share/texlive/texmf-dist/fonts/type1
/public/amsfonts/cm/cmr10.pfb></usr/share/texlive/texmf-dist/fonts/type1/public
/amsfonts/cm/cmr12.pfb></usr/share/texlive/texmf-dist/fonts/type1/public/amsfon
ts/cm/cmr17.pfb></usr/share/texlive/texmf-dist/fonts/type1/public/amsfonts/cm/c
mr6.pfb></usr/share/texlive/texmf-dist/fonts/type1/public/amsfonts/cm/cmr8.pfb>
</usr/share/texlive/texmf-dist/fonts/type1/public/amsfonts/cm/cmsy10.pfb></usr/
share/texlive/texmf-dist/fonts/type1/public/amsfonts/cm/cmsy6.pfb></usr/share/t
exlive/texmf-dist/fonts/type1/public/amsfonts/cm/cmsy8.pfb>
Output written on NUEN625_FINAL.pdf (23 pages, 348813 bytes).
PDF statistics:
 291 PDF objects out of 1000 (max. 8388607)
 234 compressed objects within 3 object streams
 49 named destinations out of 1000 (max. 500000)
 195 words of extra memory for PDF output out of 10000 (max. 10000000)

