          Code Name & Version = MCNP6, 1.0
  
     _/      _/        _/_/_/       _/      _/       _/_/_/         _/_/_/
    _/_/  _/_/      _/             _/_/    _/       _/    _/     _/       
   _/  _/  _/      _/             _/  _/  _/       _/_/_/       _/_/_/    
  _/      _/      _/             _/    _/_/       _/           _/    _/   
 _/      _/        _/_/_/       _/      _/       _/             _/_/      
  
  +---------------------------------------------------------------------+
  | Copyright 2008. Los Alamos National Security, LLC.  All rights      |
  | reserved.                                                           |
  |   This material was produced under U.S. Government contract         |
  | DE-AC52-06NA25396 for Los Alamos National Laboratory, which is      |
  | operated by Los Alamos National Security, LLC, for the U.S.         |
  | Department of Energy. The Government is granted for itself and      |
  | others acting on its behalf a paid-up, nonexclusive, irrevocable    |
  | worldwide license in this material to reproduce, prepare derivative |
  | works, and perform publicly and display publicly. Beginning five    |
  | (5) years after 2008, subject to additional five-year worldwide     |
  | renewals, the Government is granted for itself and others acting on |
  | its behalf a paid-up, nonexclusive, irrevocable worldwide license   |
  | in this material to reproduce, prepare derivative works, distribute |
  | copies to the public, perform publicly and display publicly, and to |
  | permit others to do so. NEITHER THE UNITED STATES NOR THE UNITED    |
  | STATES DEPARTMENT OF ENERGY, NOR LOS ALAMOS NATIONAL SECURITY, LLC, |
  | NOR ANY OF THEIR EMPLOYEES, MAKES ANY WARRANTY, EXPRESS OR IMPLIED, |
  | OR ASSUMES ANY LEGAL LIABILITY OR RESPONSIBILITY FOR THE ACCURACY,  |
  | COMPLETENESS, OR USEFULNESS OF ANY INFORMATION, APPARATUS, PRODUCT, |
  | OR PROCESS DISCLOSED, OR REPRESENTS THAT ITS USE WOULD NOT INFRINGE |
  | PRIVATELY OWNED RIGHTS.                                             |
  +---------------------------------------------------------------------+
  
1mcnp     version 6     ld=05/08/13                     03/21/16 13:10:27 
 *************************************************************************                 probid =  03/21/16 13:10:27 
 i=prob1                                                                         

 
  warning.  Physics models disabled.
         1-       prob1                                                                           
         2-       1 1 -0.00001 -1    imp:n=1                                                      
         3-       99 0          1    imp:n=0                                                      
         4-                                                                                       
         5-       1 so 10                                                                         
         6-                                                                                       
         7-       mode n                                                                          
         8-       sdef pos=0 0 1 axs=1 0 0 ext=d1 par=n vec=0 0 -1 dir=d2                         
         9-       si1  0 2                                                                        
        10-       sp1 -21 0                                                                       
        11-       si2  -1 1                                                                       
        12-       sp2 -21 0                                                                       
        13-       f15:n 1 0 0  0.01                                                               
        14-       fm15  12.5663706144                                                             
        15-       f25:n 2 0 0  0.01                                                               
        16-       fm25  12.5663706144                                                             
        17-       m1 1001.70c 1. $hydrogen                                                        
        18-       nps 1e6                                                                         
        19-       print                                                                           
 
  comment.  total nubar used if fissionable isotopes are present.
1source                                                                                                 print table 10

 values of defaulted or explicitly defined source variables

    cel        0.0000E+00
    sur        0.0000E+00
    erg        1.4000E+01
    tme        0.0000E+00
    pos        0.0000E+00   0.0000E+00   1.0000E+00
    x          0.0000E+00
    y          0.0000E+00
    z          0.0000E+00
    rad        0.0000E+00
    axs        1.0000E+00   0.0000E+00   0.0000E+00
    vec        0.0000E+00   0.0000E+00  -1.0000E+00
    ccc        0.0000E+00
    nrm        1.0000E+00
    ara        0.0000E+00
    wgt        1.0000E+00
    eff        1.0000E-02
    par        1.0000E+00
    tr         0.0000E+00
    bem        0.0000E+00   0.0000E+00   0.0000E+00
    bap        0.0000E+00   0.0000E+00   0.0000E+00
    loc        0.0000E+00   0.0000E+00   0.0000E+00
    dat        0.0000E+00   0.0000E+00   0.0000E+00



 probability distribution        1 for source variable ext
 power law 21:     f(x)=c*abs(x)**k          k = 0.0000E+00



 probability distribution        2 for source variable dir
 power law 21:     f(x)=c*abs(x)**k          k = 0.0000E+00


 order of sampling source variables.
 par axs ext pos vec dir erg tme

1tally       15                                                                                         print table 30
           tally type 5    particle flux at a point detector.                                  
           particle(s): neutrons 

 point detector specifications
    detector        x              y              z             r0
       1        1.00000E+00    0.00000E+00    0.00000E+00    1.00000E-02

 all scores are multiplied by  1.25664E+01

1tally       25                                                                                         print table 30
           tally type 5    particle flux at a point detector.                                  
           particle(s): neutrons 

 point detector specifications
    detector        x              y              z             r0
       1        2.00000E+00    0.00000E+00    0.00000E+00    1.00000E-02

 all scores are multiplied by  1.25664E+01
1material composition                                                                                   print table 40

 material
  number     component nuclide, atom fraction

        1            1001, 1.00000E+00





 material
  number     component nuclide, mass fraction

        1            1001, 1.00000E+00
1cell volumes and masses                                                                                print table 50

              cell     atom          gram         input       calculated                            reason volume
                      density       density       volume        volume         mass       pieces    not calculated

        1        1  5.97529E-06   1.00000E-05   0.00000E+00   4.18879E+03   4.18879E-02      1                      
        2       99  0.00000E+00   0.00000E+00   0.00000E+00   0.00000E+00   0.00000E+00      0      infinite        
1surface areas                                                                                          print table 50

           surface      input      calculated    reason area
                        area          area       not calculated

        1        1      0.00000E+00   1.25664E+03                   
1cells                                                                                                  print table 60

                               atom        gram                                            neutron                                     
              cell      mat   density     density     volume       mass            pieces importance                                   

        1        1        1  5.97529E-06 1.00000E-05 4.18879E+03 4.18879E-02           1  1.0000E+00                                   
        2       99        0  0.00000E+00 0.00000E+00 0.00000E+00 0.00000E+00           0  0.0000E+00                                   

 total                                               4.18879E+03 4.18879E-02
1surfaces                                                                                               print table 70

           surface        trans  type   surface coefficients

        1        1                so    1.0000000E+01
1  cell temperatures in mev for the free-gas thermal neutron treatment.                                 print table 72

   all non-zero importance cells with materials have a temperature for thermal neutrons of 2.5300E-08 mev.

    minimum source weight = 1.0000E+00    maximum source weight = 1.0000E+00

 ***************************************************
 * Random Number Generator  =                    1 *
 * Random Number Seed       =       19073486328125 *
 * Random Number Multiplier =       19073486328125 *
 * Random Number Adder      =                    0 *
 * Random Number Bits Used  =                   48 *
 * Random Number Stride     =               152917 *
 ***************************************************


          1 warning message so far.
1physical constants                                                                                     print table 98


       name                    value     description

 huge_float      1.0000000000000E+36     infinity
        pie      3.1415926535898E+00     pi
      euler      5.7721566490153E-01     euler constant
     avogad      6.0220434469282E+23     avogadro number (molecules/mole)
      aneut      1.0086649670000E+00     neutron mass (amu)
      avgdn      5.9703109000000E-01     avogadro number/neutron mass (1.e-24*molecules/mole/amu)
      slite      2.9979250000000E+02     speed of light (cm/shake)
     planck      4.1357320000000E-13     planck constant (mev shake)
      fscon      1.3703930000000E+02     inverse fine structure constant h*c/(2*pi*e**2)

 particle masses:   ipt       mass (mev)           particle      anti-particle

                      1    9.3958000000000E+02     neutron        5   Aneutron
                      3    5.1100800000000E-01     electron       8   positron
                      4    1.0565835700000E+02     mu_minus      16   mu_plus 
                      9    9.3827199800000E+02     proton        19   Aproton 
                     10    1.1156830000000E+03     lambda0       25   Alambda0
                     11    1.1893700000000E+03     sigma+        26   Asigma+ 
                     12    1.1974490000000E+03     sigma-        27   Asigma- 
                     13    1.3148300000000E+03     xi0           28   Axi0    
                     14    1.3213100000000E+03     xi_minus      29   xi_plus 
                     15    1.6724500000000E+03     omega-        30   Aomega- 
                     20    1.3957018000000E+02     pi_plus       35   pi_minus
                     21    1.3497660000000E+02     pi_zero 
                     22    4.9367700000000E+02     k_plus        36   k_minus 
                     23    4.9767200000000E+02     k0_short
                     24    4.9767200000000E+02     k0_long 
                     31    1.8756127600000E+03     deuteron
                     32    2.8089208600000E+03     triton  
                     33    2.8083913200000E+03     helion  
                     34    3.7273790400000E+03     alpha   


 fission q-values:     nuclide    q(mev)   nuclide    q(mev)
                         90232    171.91     91233    175.57
                         92233    180.84     92234    179.45
                         92235    180.88     92236    179.50
                         92237    180.40     92238    181.31
                         92239    180.40     92240    180.40
                         93237    183.67     94238    186.65
                         94239    189.44     94240    186.36
                         94241    188.99     94242    185.98
                         94243    187.48     95241    190.83
                         95242    190.54     95243    190.25
                         96242    190.49     96244    190.49
                         other    180.00

 parallel options:

     omp

     default datapath: /usr/local/mcnp6-data                                                           
                       /opt/local/codes/mcnp/MCNP_DATA                                                 

 the following conditional compilation symbols were defined:

     CEM
     CEM_M6
     CINDER
     INTEL
     LAQGSM
     LINUX
     LLNL_FISS
     OMP
     PLOT
     UNIX
     XLIB
1cross-section tables                                                                                   print table 100
     XSDIR used: /usr/local/mcnp6-data/xsdir_mcnp6.1

     table    length

                        tables from file xdata/endf70a                                                   

 particle-production data for deuterons being expunged from   1001.70c
   1001.70c    3652   1-H -  1 at 293.6K from endf/b-vii.0 njoy99.248                             mat 125      03/27/08

  total        3652

1particles and energy limits                                                                            print table 101

                         particle      maximum       smallest      largest       always        always
                         cutoff        particle      table         table         use table     use model
   particle type         energy        energy        maximum       maximum       below         above

    1  n    neutron     0.0000E+00    1.0000E+36    2.0000E+01    2.0000E+01    1.0000E+36    1.0000E+36
 

 ***********************************************************************************************************************

 dump no.    1 on file runtpo     nps =           0     coll =              0     ctm =        0.00   nrn =             
    0

          1 warning message so far.
1starting mcrun.      cp0 =  0.00                                                                       print table 110

      prob1                                                                           


     nps    x          y          z          cell       surf     u          v          w        energy     weight      time
 
      1  1.477E+00  0.000E+00  1.000E+00        1          0 -5.669E-01 -6.115E-01 -5.520E-01  1.400E+01  1.000E+00  0.000E+00
      2  2.868E-02  0.000E+00  1.000E+00        1          0  6.812E-01  4.228E-01 -5.976E-01  1.400E+01  1.000E+00  0.000E+00
      3  1.423E+00  0.000E+00  1.000E+00        1          0  6.468E-01 -7.205E-01  2.498E-01  1.400E+01  1.000E+00  0.000E+00
      4  7.648E-01  0.000E+00  1.000E+00        1          0  9.241E-01  3.737E-01  8.064E-02  1.400E+01  1.000E+00  0.000E+00
      5  2.575E-01  0.000E+00  1.000E+00        1          0  2.711E-01  9.484E-01 -1.645E-01  1.400E+01  1.000E+00  0.000E+00
      6  8.885E-01  0.000E+00  1.000E+00        1          0 -8.931E-01 -3.728E-01 -2.519E-01  1.400E+01  1.000E+00  0.000E+00
      7  1.022E+00  0.000E+00  1.000E+00        1          0 -6.660E-01 -8.811E-02 -7.407E-01  1.400E+01  1.000E+00  0.000E+00
      8  1.280E+00  0.000E+00  1.000E+00        1          0  5.602E-01  7.475E-01  3.570E-01  1.400E+01  1.000E+00  0.000E+00
      9  1.586E+00  0.000E+00  1.000E+00        1          0  4.702E-01 -8.756E-01  1.107E-01  1.400E+01  1.000E+00  0.000E+00
     10  7.476E-01  0.000E+00  1.000E+00        1          0  7.652E-01 -5.743E-01  2.909E-01  1.400E+01  1.000E+00  0.000E+00
     11  6.073E-01  0.000E+00  1.000E+00        1          0 -6.261E-01 -2.805E-01 -7.275E-01  1.400E+01  1.000E+00  0.000E+00
     12  7.848E-01  0.000E+00  1.000E+00        1          0 -7.110E-01 -5.582E-02 -7.009E-01  1.400E+01  1.000E+00  0.000E+00
     13  4.400E-01  0.000E+00  1.000E+00        1          0 -1.787E-02  6.571E-01 -7.536E-01  1.400E+01  1.000E+00  0.000E+00
     14  6.761E-01  0.000E+00  1.000E+00        1          0  9.513E-01 -2.974E-01  8.135E-02  1.400E+01  1.000E+00  0.000E+00
     15  1.934E+00  0.000E+00  1.000E+00        1          0  8.002E-01 -5.851E-01 -1.316E-01  1.400E+01  1.000E+00  0.000E+00
     16  1.999E+00  0.000E+00  1.000E+00        1          0 -4.169E-01 -5.146E-01  7.492E-01  1.400E+01  1.000E+00  0.000E+00
     17  9.567E-02  0.000E+00  1.000E+00        1          0  1.544E-01 -9.215E-01  3.563E-01  1.400E+01  1.000E+00  0.000E+00
     18  1.292E+00  0.000E+00  1.000E+00        1          0  7.583E-01 -5.787E-01 -3.002E-01  1.400E+01  1.000E+00  0.000E+00
     19  9.308E-01  0.000E+00  1.000E+00        1          0 -7.246E-01 -5.333E-01  4.364E-01  1.400E+01  1.000E+00  0.000E+00
     20  1.682E+00  0.000E+00  1.000E+00        1          0  8.751E-01 -1.064E-01  4.721E-01  1.400E+01  1.000E+00  0.000E+00
     21  1.633E+00  0.000E+00  1.000E+00        1          0  8.852E-01  2.773E-01 -3.735E-01  1.400E+01  1.000E+00  0.000E+00
     22  8.135E-01  0.000E+00  1.000E+00        1          0 -2.042E-01  2.841E-01 -9.368E-01  1.400E+01  1.000E+00  0.000E+00
     23  1.495E+00  0.000E+00  1.000E+00        1          0 -9.118E-01  2.574E-01  3.199E-01  1.400E+01  1.000E+00  0.000E+00
     24  1.255E+00  0.000E+00  1.000E+00        1          0 -7.619E-01 -5.951E-01 -2.557E-01  1.400E+01  1.000E+00  0.000E+00
     25  1.445E+00  0.000E+00  1.000E+00        1          0  9.633E-01  2.686E-01  4.610E-03  1.400E+01  1.000E+00  0.000E+00
     26  5.969E-01  0.000E+00  1.000E+00        1          0 -6.238E-01 -3.757E-02 -7.807E-01  1.400E+01  1.000E+00  0.000E+00
     27  1.503E+00  0.000E+00  1.000E+00        1          0  9.368E-01  1.604E-01 -3.111E-01  1.400E+01  1.000E+00  0.000E+00
     28  2.795E-01  0.000E+00  1.000E+00        1          0 -6.430E-01 -2.362E-01  7.285E-01  1.400E+01  1.000E+00  0.000E+00
     29  5.744E-01  0.000E+00  1.000E+00        1          0 -7.117E-01  5.492E-01  4.379E-01  1.400E+01  1.000E+00  0.000E+00
     30  2.421E-02  0.000E+00  1.000E+00        1          0 -5.454E-01  7.751E-01 -3.189E-01  1.400E+01  1.000E+00  0.000E+00
     31  1.295E+00  0.000E+00  1.000E+00        1          0 -5.450E-01  8.380E-01 -2.621E-02  1.400E+01  1.000E+00  0.000E+00
     32  7.544E-01  0.000E+00  1.000E+00        1          0 -3.963E-01 -6.255E-01  6.721E-01  1.400E+01  1.000E+00  0.000E+00
     33  7.967E-01  0.000E+00  1.000E+00        1          0  2.592E-01 -1.041E-01  9.602E-01  1.400E+01  1.000E+00  0.000E+00
     34  1.779E+00  0.000E+00  1.000E+00        1          0  2.569E-01  9.254E-01 -2.786E-01  1.400E+01  1.000E+00  0.000E+00
     35  1.612E+00  0.000E+00  1.000E+00        1          0 -2.377E-01  4.117E-02 -9.705E-01  1.400E+01  1.000E+00  0.000E+00
     36  1.950E-01  0.000E+00  1.000E+00        1          0 -1.355E-01 -9.882E-01  7.204E-02  1.400E+01  1.000E+00  0.000E+00
     37  5.546E-03  0.000E+00  1.000E+00        1          0  9.154E-01  1.560E-01  3.710E-01  1.400E+01  1.000E+00  0.000E+00
     38  1.147E+00  0.000E+00  1.000E+00        1          0  5.353E-01 -5.362E-01  6.526E-01  1.400E+01  1.000E+00  0.000E+00
     39  6.354E-01  0.000E+00  1.000E+00        1          0  3.476E-01 -3.347E-01 -8.759E-01  1.400E+01  1.000E+00  0.000E+00
     40  4.191E-01  0.000E+00  1.000E+00        1          0  5.473E-01 -3.472E-01  7.615E-01  1.400E+01  1.000E+00  0.000E+00
     41  5.277E-01  0.000E+00  1.000E+00        1          0  4.119E-01 -7.514E-01  5.154E-01  1.400E+01  1.000E+00  0.000E+00
     42  2.336E-01  0.000E+00  1.000E+00        1          0  8.179E-01 -5.563E-01  1.466E-01  1.400E+01  1.000E+00  0.000E+00
     43  1.620E+00  0.000E+00  1.000E+00        1          0  9.768E-01  1.202E-01  1.771E-01  1.400E+01  1.000E+00  0.000E+00
     44  1.579E+00  0.000E+00  1.000E+00        1          0 -4.948E-01 -4.947E-01 -7.144E-01  1.400E+01  1.000E+00  0.000E+00
     45  7.923E-01  0.000E+00  1.000E+00        1          0  3.411E-01  7.727E-01  5.353E-01  1.400E+01  1.000E+00  0.000E+00
     46  3.069E-01  0.000E+00  1.000E+00        1          0  1.231E-01 -7.466E-01  6.538E-01  1.400E+01  1.000E+00  0.000E+00
     47  1.770E+00  0.000E+00  1.000E+00        1          0  5.760E-01  7.332E-01 -3.614E-01  1.400E+01  1.000E+00  0.000E+00
     48  1.844E+00  0.000E+00  1.000E+00        1          0 -3.004E-01 -8.954E-01 -3.288E-01  1.400E+01  1.000E+00  0.000E+00
     49  1.447E+00  0.000E+00  1.000E+00        1          0  4.894E-01  6.513E-01  5.800E-01  1.400E+01  1.000E+00  0.000E+00
     50  3.405E-01  0.000E+00  1.000E+00        1          0  2.893E-02  7.929E-01 -6.086E-01  1.400E+01  1.000E+00  0.000E+00
1problem summary                                                                                                           

      run terminated when     1000000  particle histories were done.
+                                                                                                    03/21/16 13:10:42 
      prob1                                                                                probid =  03/21/16 13:10:27 

 neutron creation    tracks      weight        energy            neutron loss        tracks      weight        energy
                                 (per source particle)                                           (per source particle)

 source             1000000    1.0000E+00    1.4000E+01          escape             1000000    1.0000E+00    1.4000E+01
 nucl. interaction        0    0.            0.                  energy cutoff            0    0.            0.        
 particle decay           0    0.            0.                  time cutoff              0    0.            0.        
 weight window            0    0.            0.                  weight window            0    0.            0.        
 cell importance          0    0.            0.                  cell importance          0    0.            0.        
 weight cutoff            0    0.            0.                  weight cutoff            0    0.            0.        
 e or t importance        0    0.            0.                  e or t importance        0    0.            0.        
 dxtran                   0    0.            0.                  dxtran                   0    0.            0.        
 forced collisions        0    0.            0.                  forced collisions        0    0.            0.        
 exp. transform           0    0.            0.                  exp. transform           0    0.            0.        
 upscattering             0    0.            0.                  downscattering           0    0.            3.2195E-04
 photonuclear             0    0.            0.                  capture                  0    1.9519E-09    2.7326E-08
 (n,xn)                   0    0.            0.                  loss to (n,xn)           0    0.            0.        
 prompt fission           0    0.            0.                  loss to fission          0    0.            0.        
 delayed fission          0    0.            0.                  nucl. interaction        0    0.            0.        
 prompt photofis          0    0.            0.                  particle decay           0    0.            0.        
 tabular boundary         0    0.            0.                  tabular boundary         0    0.            0.        
 tabular sampling         0    0.            0.                  elastic scatter          0    0.            0.        
     total          1000000    1.0000E+00    1.4000E+01              total          1000000    1.0000E+00    1.4000E+01

   number of neutrons banked                       0        average time of (shakes)              cutoffs
   neutron tracks per source particle     1.0000E+00          escape            1.9383E-01          tco   1.0000E+33
   neutron collisions per source particle 4.5000E-05          capture           1.0163E-01          eco   0.0000E+00
   total neutron collisions                       45          capture or escape 1.9383E-01          wc1  -5.0000E-01
   net multiplication              1.0000E+00 0.0000          any termination   1.9383E-01          wc2  -2.5000E-01

 computer time so far in this run     0.25 minutes            maximum number ever in bank         0
 computer time in mcrun               0.25 minutes            bank overflows to backup file       0
 source particles per minute            4.0003E+06
 random numbers generated                  6546816            most random numbers used was          28 in history      873099

 range of sampled source weights = 1.0000E+00 to 1.0000E+00
1neutron  activity in each cell                                                                         print table 126

                       tracks     population   collisions   collisions     number        flux        average      average
              cell    entering                               * weight     weighted     weighted   track weight   track mfp
                                                          (per history)    energy       energy     (relative)      (cm)

        1        1     1000000      1000000           45    4.5000E-05   1.4000E+01   1.4000E+01   1.0000E+00   2.4355E+05

           total       1000000      1000000           45    4.5000E-05
1neutron  weight balance in each cell                                                                   print table 130

        cell index        1
       cell number        1       total                                                                                         

 external events:
          entering  0.0000E+00  0.0000E+00
            source  1.0000E+00  1.0000E+00
     energy cutoff  0.0000E+00  0.0000E+00
       time cutoff  0.0000E+00  0.0000E+00
           exiting -1.0000E+00 -1.0000E+00
                    ----------  ----------
             total  0.0000E+00  0.0000E+00

 variance reduction events:
     weight window  0.0000E+00  0.0000E+00
   cell importance  0.0000E+00  0.0000E+00
     weight cutoff  0.0000E+00  0.0000E+00
 e or t importance  0.0000E+00  0.0000E+00
            dxtran  0.0000E+00  0.0000E+00
 forced collisions  0.0000E+00  0.0000E+00
    exp. transform  0.0000E+00  0.0000E+00
                    ----------  ----------
             total  0.0000E+00  0.0000E+00

 physical events:
           capture -1.9519E-09 -1.9519E-09
            (n,xn)  0.0000E+00  0.0000E+00
    loss to (n,xn)  0.0000E+00  0.0000E+00
           fission  0.0000E+00  0.0000E+00
   loss to fission  0.0000E+00  0.0000E+00
      photonuclear  0.0000E+00  0.0000E+00
 nucl. interaction  0.0000E+00  0.0000E+00
  tabular boundary  0.0000E+00  0.0000E+00
        decay gain  0.0000E+00  0.0000E+00
  tabular sampling  0.0000E+00  0.0000E+00
        decay loss  0.0000E+00  0.0000E+00
      photofission  0.0000E+00  0.0000E+00
                    ----------  ----------
             total -1.9519E-09 -1.9519E-09

                    ----------  ----------
             total  0.0000E+00  0.0000E+00
 
1neutron activity of each nuclide in each cell, per source particle                                     print table 140

      cell     cell   nuclides     atom       total  collisions   wgt. lost   wgt. gain   wgt. gain     photons  photon wgt  avg photon
     index     name            fraction  collisions    * weight  to capture  by fission   by (n,xn)    produced    produced      energy

         1        1   1001.70c 1.00E+00          45  4.5000E-05  1.9519E-09  0.0000E+00  0.0000E+00           0  0.0000E+00  0.0000E+00

              total                              45  4.5000E-05  1.9519E-09  0.0000E+00  0.0000E+00           0  0.0000E+00  0.0000E+00


        total over all cells by nuclide       total  collisions   wgt. lost   wgt. gain   wgt. gain     photons  photon wgt  avg photon
                                         collisions    * weight  to capture  by fission   by (n,xn)    produced    produced      energy

                      1001.70c                   45  4.5000E-05  1.9519E-09  0.0000E+00  0.0000E+00           0  0.0000E+00  0.0000E+00

1tally       15        nps =     1000000
           tally type 5    particle flux at a point detector.                                  
           particle(s): neutrons 

           this tally is all multiplied by  1.25664E+01
 
 detector located at x,y,z = 1.00000E+00 0.00000E+00 0.00000E+00
                 7.85031E-01 0.0002
 
 detector located at x,y,z = 1.00000E+00 0.00000E+00 0.00000E+00
 uncollided neutron flux
                 7.85031E-01 0.0002
 
 detector score diagnostics                  cumulative          tally         cumulative
                                             fraction of         per           fraction of
   times average score     transmissions     transmissions       history       total tally
        1.00000E-01                  0         0.00000        0.00000E+00        0.00000
        1.00000E+00             477124         0.47712        2.41575E-02        0.38670
        2.00000E+00             521876         0.99900        3.82506E-02        0.99900
        5.00000E+00                  0         0.99900        0.00000E+00        0.99900
        1.00000E+01                  0         0.99900        0.00000E+00        0.99900
        1.00000E+02                  0         0.99900        0.00000E+00        0.99900
        1.00000E+03                  0         0.99900        0.00000E+00        0.99900
        1.00000E+38                  0         0.99900        0.00000E+00        0.99900
 before dd roulette               1000         1.00000        6.27379E-05        1.00000

 average tally per history = 6.24708E-02            largest score = 7.95771E-02
 (largest score)/(average tally) = 1.27383E+00      nps of largest score =      314410

 score contributions by cell
        cell      misses        hits    tally per history    weight per hit
     1     1          45     1000000       6.24708E-02         6.24708E-02
       total          45     1000000       6.24708E-02         6.24708E-02

 score misses
   russian roulette on pd                        0
   psc=0.                                       45
   russian roulette in transmission              0
   underflow in transmission                     0
   hit a zero-importance cell                    0
   energy cutoff                                 0


 ===================================================================================================================================

           results of 10 statistical checks for the estimated answer for the tally fluctuation chart (tfc) bin of tally       15

 tfc bin     --mean--      ---------relative error---------      ----variance of the variance----      --figure of merit--     -pdf-
 behavior    behavior      value   decrease   decrease rate      value   decrease   decrease rate       value     behavior     slope

 desired      random       <0.05      yes      1/sqrt(nps)       <0.10      yes        1/nps           constant    random      >3.00
 observed     random        0.00      yes          yes            0.00      yes         yes            constant   increase     10.00
 passed?        yes          yes      yes          yes             yes      yes         yes               yes         no         yes

 ===================================================================================================================================


 warning.  the tally in the tally fluctuation chart bin did not pass  1 of the 10 statistical checks.

1analysis of the results in the tally fluctuation chart bin (tfc) for tally       15 with nps =     1000000  print table 160


 normed average tally per history  = 7.85031E-01          unnormed average tally per history  = 7.85031E-01
 estimated tally relative error    = 0.0002               estimated variance of the variance  = 0.0000
 relative error from zero tallies  = 0.0000               relative error from nonzero scores  = 0.0002

 number of nonzero history tallies =     1000000          efficiency for the nonzero tallies  = 1.0000
 history number of largest  tally  =      314410          largest  unnormalized history tally = 9.99996E-01
 (largest  tally)/(average tally)  = 1.27383E+00          (largest  tally)/(avg nonzero tally)= 1.27383E+00

 (confidence interval shift)/mean  = 0.0000               shifted confidence interval center  = 7.85031E-01


 if the largest  history score sampled so far were to occur on the next history, the tfc bin quantities would change as follows:

      estimated quantities           value at nps           value at nps+1           value(nps+1)/value(nps)-1.

      mean                            7.85031E-01             7.85031E-01                     0.000000
      relative error                  2.04691E-04             2.04691E-04                     0.000000
      variance of the variance        6.64551E-07             6.64551E-07                    -0.000001
      shifted center                  7.85031E-01             7.85031E-01                     0.000000
      figure of merit                 9.54774E+07             9.54775E+07                     0.000001

 the 100 largest  history tallies appear to have a  maximum value of about 9.99996E-01
 the large score tail of the empirical history score probability density function appears to have no unsampled regions.

 fom = (histories/minute)*(f(x) signal-to-noise ratio)**2 = (4.000E+06)*( 4.885E+00)**2 = (4.000E+06)*(2.387E+01) = 9.548E+07

1unnormed tally density for tally       15          nonzero tally mean(m) = 7.850E-01   nps =     1000000  print table 161

 abscissa              ordinate   log plot of tally probability density function in tally fluctuation chart bin(d=decade,slope=10.0)
  tally  number num den log den:d-----------------------------------------------d-----------------------------------------------d---
 5.01-01   2358 2.29-02  -1.641 *                                               |                                               |   
 6.31-01 233334 1.80+00   0.255 ************************************************|********************************************   |   
 7.94-01 256211 1.57+00   0.195 mmmmmmmmmmmmmmmmmmmmmmmmmmmmmmmmmmmmmmmmmmmmmmmm|mmmmmmmmmmmmmmmmmmmmmmmmmmmmmmmmmmmmmmmmm      |   
 1.00+00 508097 2.47+00   0.393 ************************************************|***********************************************|***
  total 1000000 1.00+00         d-----------------------------------------------d-----------------------------------------------d---


 cumulative tally number for tally       15         nonzero tally mean(m) = 7.850E-01   nps =     1000000  print table 162

   abscissa     cum   ordinate    plot of the cumulative number of tallies in the tally fluctuation chart bin from 0 to 100 percent
    tally      number  cum pct:--------10--------20--------30--------40--------50--------60--------70--------80--------90-------100
 5.01187E-01     2358    0.236|         |         |         |         |         |         |         |         |         |         |
 6.30957E-01   235692   23.569|*********|*********|****     |         |         |         |         |         |         |         |
 7.94328E-01   491903   49.190|mmmmmmmmm|mmmmmmmmm|mmmmmmmmm|mmmmmmmmm|mmmmmmmmm|         |         |         |         |         |
 1.00000E+00  1000000  100.000|*********|*********|*********|*********|*********|*********|*********|*********|*********|*********|
    total     1000000  100.000:--------10--------20--------30--------40--------50--------60--------70--------80--------90-------100



 cumulative unnormed tally for tally       15         nonzero tally mean(m) = 7.850E-01   nps =   1000000  print table 162

  abscissa     cum    ordinate                plot of the cumulative tally in the tally fluctuation chart bin from 0 to 100 percent
   tally    tally/nps  cum pct:--------10--------20--------30--------40--------50--------60--------70--------80--------90-------100
 5.012E-01  1.180E-03    0.150|         |         |         |         |         |         |         |         |         |         |
 6.310E-01  1.328E-01   16.912|*********|*******  |         |         |         |         |         |         |         |         |
 7.943E-01  3.152E-01   40.147|mmmmmmmmm|mmmmmmmmm|mmmmmmmmm|mmmmmmmmm|         |         |         |         |         |         |
 1.000E+00  7.850E-01  100.000|*********|*********|*********|*********|*********|*********|*********|*********|*********|*********|
   total  7.85031E-01  100.000:--------10--------20--------30--------40--------50--------60--------70--------80--------90-------100

1tally       25        nps =     1000000
           tally type 5    particle flux at a point detector.                                  
           particle(s): neutrons 

           this tally is all multiplied by  1.25664E+01
 
 detector located at x,y,z = 2.00000E+00 0.00000E+00 0.00000E+00
                 5.53477E-01 0.0005
 
 detector located at x,y,z = 2.00000E+00 0.00000E+00 0.00000E+00
 uncollided neutron flux
                 5.53477E-01 0.0005
 
 detector score diagnostics                  cumulative          tally         cumulative
                                             fraction of         per           fraction of
   times average score     transmissions     transmissions       history       total tally
        1.00000E-01                  0         0.00000        0.00000E+00        0.00000
        1.00000E+00             550390         0.55039        1.49045E-02        0.33840
        2.00000E+00             448610         0.99900        2.90949E-02        0.99898
        5.00000E+00                  0         0.99900        0.00000E+00        0.99898
        1.00000E+01                  0         0.99900        0.00000E+00        0.99898
        1.00000E+02                  0         0.99900        0.00000E+00        0.99898
        1.00000E+03                  0         0.99900        0.00000E+00        0.99898
        1.00000E+38                  0         0.99900        0.00000E+00        0.99898
 before dd roulette               1000         1.00000        4.49268E-05        1.00000

 average tally per history = 4.40443E-02            largest score = 7.95771E-02
 (largest score)/(average tally) = 1.80675E+00      nps of largest score =      139243

 score contributions by cell
        cell      misses        hits    tally per history    weight per hit
     1     1          45     1000000       4.40443E-02         4.40443E-02
       total          45     1000000       4.40443E-02         4.40443E-02

 score misses
   russian roulette on pd                        0
   psc=0.                                       45
   russian roulette in transmission              0
   underflow in transmission                     0
   hit a zero-importance cell                    0
   energy cutoff                                 0


 ===================================================================================================================================

           results of 10 statistical checks for the estimated answer for the tally fluctuation chart (tfc) bin of tally       25

 tfc bin     --mean--      ---------relative error---------      ----variance of the variance----      --figure of merit--     -pdf-
 behavior    behavior      value   decrease   decrease rate      value   decrease   decrease rate       value     behavior     slope

 desired      random       <0.05      yes      1/sqrt(nps)       <0.10      yes        1/nps           constant    random      >3.00
 observed     random        0.00      yes          yes            0.00      yes         yes            constant   increase     10.00
 passed?        yes          yes      yes          yes             yes      yes         yes               yes         no         yes

 ===================================================================================================================================


 warning.  the tally in the tally fluctuation chart bin did not pass  1 of the 10 statistical checks.

1analysis of the results in the tally fluctuation chart bin (tfc) for tally       25 with nps =     1000000  print table 160


 normed average tally per history  = 5.53477E-01          unnormed average tally per history  = 5.53477E-01
 estimated tally relative error    = 0.0005               estimated variance of the variance  = 0.0000
 relative error from zero tallies  = 0.0000               relative error from nonzero scores  = 0.0005

 number of nonzero history tallies =     1000000          efficiency for the nonzero tallies  = 1.0000
 history number of largest  tally  =      139243          largest  unnormalized history tally = 9.99996E-01
 (largest  tally)/(average tally)  = 1.80675E+00          (largest  tally)/(avg nonzero tally)= 1.80675E+00

 (confidence interval shift)/mean  = 0.0000               shifted confidence interval center  = 5.53477E-01


 if the largest  history score sampled so far were to occur on the next history, the tfc bin quantities would change as follows:

      estimated quantities           value at nps           value at nps+1           value(nps+1)/value(nps)-1.

      mean                            5.53477E-01             5.53478E-01                     0.000001
      relative error                  4.79574E-04             4.79574E-04                     0.000000
      variance of the variance        6.83124E-07             6.83121E-07                    -0.000004
      shifted center                  5.53477E-01             5.53477E-01                     0.000000
      figure of merit                 1.73935E+07             1.73935E+07                     0.000001

 the 100 largest  history tallies appear to have a  maximum value of about 9.99996E-01
 the large score tail of the empirical history score probability density function appears to have no unsampled regions.

 fom = (histories/minute)*(f(x) signal-to-noise ratio)**2 = (4.000E+06)*( 2.085E+00)**2 = (4.000E+06)*(4.348E+00) = 1.739E+07

1unnormed tally density for tally       25          nonzero tally mean(m) = 5.535E-01   nps =     1000000  print table 161

 abscissa              ordinate   log plot of tally probability density function in tally fluctuation chart bin(d=decade,slope=10.0)
  tally  number num den log den:d---------------------------------------------------------------------------------------------------
 2.51-01 136778 2.65+00   0.423 ****************************************************************************************************
 3.16-01 128757 1.98+00   0.297 ****************************************************************************                        
 3.98-01 120743 1.47+00   0.169 ****************************************************                                                
 5.01-01 115326 1.12+00   0.049 ******************************                                                                      
 6.31-01 115613 8.91-01  -0.050 mmmmmmmmmmm                                                                                         
 7.94-01 128181 7.85-01  -0.105 *                                                                                                   
 1.00+00 254602 1.24+00   0.093 **************************************                                                              
  total 1000000 1.00+00         d---------------------------------------------------------------------------------------------------


 cumulative tally number for tally       25         nonzero tally mean(m) = 5.535E-01   nps =     1000000  print table 162

   abscissa     cum   ordinate    plot of the cumulative number of tallies in the tally fluctuation chart bin from 0 to 100 percent
    tally      number  cum pct:--------10--------20--------30--------40--------50--------60--------70--------80--------90-------100
 2.51189E-01   136778   13.678|*********|****     |         |         |         |         |         |         |         |         |
 3.16228E-01   265535   26.553|*********|*********|*******  |         |         |         |         |         |         |         |
 3.98107E-01   386278   38.628|*********|*********|*********|*********|         |         |         |         |         |         |
 5.01187E-01   501604   50.160|*********|*********|*********|*********|*********|         |         |         |         |         |
 6.30957E-01   617217   61.722|mmmmmmmmm|mmmmmmmmm|mmmmmmmmm|mmmmmmmmm|mmmmmmmmm|mmmmmmmmm|mm       |         |         |         |
 7.94328E-01   745398   74.540|*********|*********|*********|*********|*********|*********|*********|*****    |         |         |
 1.00000E+00  1000000  100.000|*********|*********|*********|*********|*********|*********|*********|*********|*********|*********|
    total     1000000  100.000:--------10--------20--------30--------40--------50--------60--------70--------80--------90-------100



 cumulative unnormed tally for tally       25         nonzero tally mean(m) = 5.535E-01   nps =   1000000  print table 162

  abscissa     cum    ordinate                plot of the cumulative tally in the tally fluctuation chart bin from 0 to 100 percent
   tally    tally/nps  cum pct:--------10--------20--------30--------40--------50--------60--------70--------80--------90-------100
 2.512E-01  3.067E-02    5.542|******   |         |         |         |         |         |         |         |         |         |
 3.162E-01  6.699E-02   12.104|*********|**       |         |         |         |         |         |         |         |         |
 3.981E-01  1.099E-01   19.852|*********|*********|         |         |         |         |         |         |         |         |
 5.012E-01  1.615E-01   29.177|*********|*********|*********|         |         |         |         |         |         |         |
 6.310E-01  2.267E-01   40.958|mmmmmmmmm|mmmmmmmmm|mmmmmmmmm|mmmmmmmmm|m        |         |         |         |         |         |
 7.943E-01  3.179E-01   57.445|*********|*********|*********|*********|*********|*******  |         |         |         |         |
 1.000E+00  5.535E-01  100.000|*********|*********|*********|*********|*********|*********|*********|*********|*********|*********|
   total  5.53477E-01  100.000:--------10--------20--------30--------40--------50--------60--------70--------80--------90-------100

1status of the statistical checks used to form confidence intervals for the mean for each tally bin


 tally   result of statistical checks for the tfc bin (the first check not passed is listed) and error magnitude check for all bins

       15   missed  1 of 10 tfc bin checks: the figure of merit has a trend during the last half of the problem                       
         passed all bin error check:     2 tally bins all have relative errors less than 0.05 with no zero bins

       25   missed  1 of 10 tfc bin checks: the figure of merit has a trend during the last half of the problem                       
         passed all bin error check:     2 tally bins all have relative errors less than 0.05 with no zero bins


 the 10 statistical checks are only for the tally fluctuation chart bin and do not apply to other tally bins.

 warning.       2 of the     2 tally fluctuation chart bins did not pass all 10 statistical checks.
1tally fluctuation charts                              

                            tally       15                          tally       25
          nps      mean     error   vov  slope    fom      mean     error   vov  slope    fom
        64000   7.8546E-01 0.0008 0.0000 10.0 7.1E+07   5.5303E-01 0.0019 0.0000 10.0 1.3E+07
       128000   7.8522E-01 0.0006 0.0000 10.0 8.2E+07   5.5384E-01 0.0013 0.0000 10.0 1.5E+07
       192000   7.8520E-01 0.0005 0.0000 10.0 8.7E+07   5.5363E-01 0.0011 0.0000 10.0 1.6E+07
       256000   7.8507E-01 0.0004 0.0000 10.0 8.9E+07   5.5385E-01 0.0009 0.0000 10.0 1.6E+07
       320000   7.8501E-01 0.0004 0.0000 10.0 9.1E+07   5.5328E-01 0.0008 0.0000 10.0 1.7E+07
       384000   7.8493E-01 0.0003 0.0000 10.0 9.2E+07   5.5334E-01 0.0008 0.0000 10.0 1.7E+07
       448000   7.8506E-01 0.0003 0.0000 10.0 9.3E+07   5.5313E-01 0.0007 0.0000 10.0 1.7E+07
       512000   7.8506E-01 0.0003 0.0000 10.0 9.3E+07   5.5334E-01 0.0007 0.0000 10.0 1.7E+07
       576000   7.8521E-01 0.0003 0.0000 10.0 9.4E+07   5.5351E-01 0.0006 0.0000 10.0 1.7E+07
       640000   7.8523E-01 0.0003 0.0000 10.0 9.4E+07   5.5354E-01 0.0006 0.0000 10.0 1.7E+07
       704000   7.8523E-01 0.0002 0.0000 10.0 9.5E+07   5.5359E-01 0.0006 0.0000 10.0 1.7E+07
       768000   7.8522E-01 0.0002 0.0000 10.0 9.5E+07   5.5347E-01 0.0005 0.0000 10.0 1.7E+07
       832000   7.8522E-01 0.0002 0.0000 10.0 9.5E+07   5.5336E-01 0.0005 0.0000 10.0 1.7E+07
       896000   7.8520E-01 0.0002 0.0000 10.0 9.5E+07   5.5337E-01 0.0005 0.0000 10.0 1.7E+07
       960000   7.8512E-01 0.0002 0.0000 10.0 9.5E+07   5.5340E-01 0.0005 0.0000 10.0 1.7E+07
      1000000   7.8503E-01 0.0002 0.0000 10.0 9.5E+07   5.5348E-01 0.0005 0.0000 10.0 1.7E+07

 ***********************************************************************************************************************

 dump no.    2 on file runtpo     nps =     1000000     coll =             45     ctm =        0.25   nrn =          
 6546816

         4 warning messages so far.


 run terminated when     1000000  particle histories were done.

 computer time =    0.25 minutes

 mcnp     version 6     05/08/13                     03/21/16 13:10:42                     probid =  03/21/16 13:10:27 
